<?xml version="1.0" encoding="UTF-8"?>
<testsuites>
  <testsuite name="hello" timestamp="2024-07-08T09:28:13Z" hostname="31401aef4d0b" tests="3" skipped="0" failures="0" errors="0" time="0.211">
    <testcase time="0.011" classname="hello" name="hello_works"/>
    <testcase time="0.188" classname="hello" name="hello_cli_works"/>
    <testcase time="0.012" classname="hello" name="fix_me_"/>
  </testsuite>
</testsuites>
